\BOOKMARK [0][-]{section*.1}{ETHICAL\040DECLARATION}{}% 1
\BOOKMARK [0][-]{section*.2}{ABSTRACT}{}% 2
\BOOKMARK [0][-]{section*.4}{ÖZ}{}% 3
\BOOKMARK [0][-]{section*.6}{DEDICATION}{}% 4
\BOOKMARK [0][-]{section*.8}{ACKNOWLEDGMENTS}{}% 5
\BOOKMARK [0][-]{section*.9}{TABLE\040OF\040CONTENTS}{}% 6
\BOOKMARK [0][-]{section*.10}{LIST\040OF\040TABLES}{}% 7
\BOOKMARK [0][-]{section*.11}{LIST\040OF\040FIGURES}{}% 8
\BOOKMARK [0][-]{section*.12}{LIST\040OF\040ALGORITHMS}{}% 9
\BOOKMARK [0][-]{section*.14}{LIST\040OF\040ABBREVIATIONS}{}% 10
\BOOKMARK [0][-]{chapter.1}{Introduction}{}% 11
\BOOKMARK [1][-]{section.1.1}{General\040Overview}{chapter.1}% 12
\BOOKMARK [1][-]{section.1.2}{Sensor\040Nodes\040and\040Networks}{chapter.1}% 13
\BOOKMARK [1][-]{section.1.3}{Current\040Challenges}{chapter.1}% 14
\BOOKMARK [1][-]{section.1.4}{Energy\040Optimization\040Techniques\040in\040WSNs}{chapter.1}% 15
\BOOKMARK [0][-]{chapter.2}{Energy\040Aware\040Routing}{}% 16
\BOOKMARK [1][-]{section.2.1}{Routing\040Research\040in\040WNSN}{chapter.2}% 17
\BOOKMARK [1][-]{section.2.2}{Routing\040Research\040in\040WSN}{chapter.2}% 18
\BOOKMARK [0][-]{chapter.3}{Proposed\040LaGOON\040Routing\040Protocol}{}% 19
\BOOKMARK [1][-]{section.3.1}{The\040Protocol}{chapter.3}% 20
\BOOKMARK [1][-]{section.3.2}{Visual\040Example\040for\040Omnidirectional\040Version}{chapter.3}% 21
\BOOKMARK [1][-]{section.3.3}{Visual\040Example\040for\040Directional\040Version}{chapter.3}% 22
\BOOKMARK [1][-]{section.3.4}{Performance\040Evaluation}{chapter.3}% 23
\BOOKMARK [2][-]{subsection.3.4.1}{Simulation\040Setup}{section.3.4}% 24
\BOOKMARK [2][-]{subsection.3.4.2}{Performance\040Metrics\040and\040Parameters}{section.3.4}% 25
\BOOKMARK [2][-]{subsection.3.4.3}{Simulation\040Results}{section.3.4}% 26
\BOOKMARK [1][-]{section.3.5}{Contributions\040of\040the\040Thesis\040to\040Routing}{chapter.3}% 27
\BOOKMARK [0][-]{chapter.4}{Directional\040Antenna}{}% 28
\BOOKMARK [1][-]{section.4.1}{Antenna\040Basics}{chapter.4}% 29
\BOOKMARK [1][-]{section.4.2}{Research\040in\040Directional\040Antenna}{chapter.4}% 30
\BOOKMARK [0][-]{chapter.5}{Proposed\040Directional\040Antenna\040and\040Its\040Characteristics}{}% 31
\BOOKMARK [1][-]{section.5.1}{Design\040of\040the\040Proposed\040Directional\040Antenna}{chapter.5}% 32
\BOOKMARK [1][-]{section.5.2}{Performance\040Characteristics\040of\040the\040Proposed\040Directional\040Antenna}{chapter.5}% 33
\BOOKMARK [1][-]{section.5.3}{Size\040Reduction\040Experiments}{chapter.5}% 34
\BOOKMARK [1][-]{section.5.4}{Contributions\040of\040the\040Thesis\040to\040Directional\040Antenna\040Research}{chapter.5}% 35
\BOOKMARK [0][-]{chapter.6}{Conclusion\040and\040Future\040Work}{}% 36
\BOOKMARK [0][-]{section*.126}{REFERENCES}{}% 37
\BOOKMARK [0][-]{appendix.A}{Antenna\040Design\040Sketches\040and\040Parameters}{}% 38
\BOOKMARK [0][-]{appendix.B}{Statistical\040Analysis\040for\040the\040Antenna\040Benchmarks}{}% 39
\BOOKMARK [1][-]{section.B.1}{Tests\040and\040Hypotheses\040for\040the\040Statistical\040Analyses}{appendix.B}% 40
\BOOKMARK [1][-]{section.B.2}{Summary\040of\040the\040Benchmark\040Results}{appendix.B}% 41
\BOOKMARK [1][-]{section.B.3}{Descriptive\040Plots\040of\040the\040Reception\040Data}{appendix.B}% 42
\BOOKMARK [1][-]{section.B.4}{R\040Codes\040and\040Results\040for\040the\040Statistical\040Tests\040on\040the\040Reception\040Data}{appendix.B}% 43
\BOOKMARK [1][-]{section.B.5}{Descriptive\040Plots\040on\040the\040Transmission\040Data}{appendix.B}% 44
\BOOKMARK [1][-]{section.B.6}{R\040Codes\040and\040Results\040for\040the\040Statistical\040Tests\040on\040the\040Transmission\040Data}{appendix.B}% 45
\BOOKMARK [0][-]{appendix.C}{Tez Fotokopi̇si̇ İzi̇n formu}{}% 46
